TN:
SF:contracts/AccessLib.sol
DA:14,5
FN:14,AccessLib.computeExpiry
FNDA:5,AccessLib.computeExpiry
DA:19,5
BRDA:19,0,0,1
DA:20,1
DA:23,4
BRDA:23,1,0,1
BRDA:23,1,1,3
DA:24,1
DA:26,3
DA:35,5
FN:35,AccessLib.isValid
FNDA:5,AccessLib.isValid
DA:36,5
BRDA:36,2,0,1
DA:37,1
DA:39,4
BRDA:39,3,0,1
DA:40,1
DA:42,3
FNF:2
FNH:2
LF:12
LH:12
BRF:5
BRH:5
end_of_record
TN:
SF:contracts/PayAsYouGoBase.sol
DA:46,26
FN:46,PayAsYouGoBase.serviceExists
FNDA:26,PayAsYouGoBase.serviceExists
DA:47,26
BRDA:47,0,0,-
BRDA:47,0,1,2
DA:55,0
FN:55,PayAsYouGoBase.onlyProvider
FNDA:0,PayAsYouGoBase.onlyProvider
DA:56,0
BRDA:56,1,0,-
BRDA:56,1,1,-
DA:64,18
FN:64,PayAsYouGoBase.validPrice
FNDA:18,PayAsYouGoBase.validPrice
DA:65,18
BRDA:65,2,0,-
BRDA:65,2,1,18
DA:74,7
FN:74,PayAsYouGoBase.registerService
FNDA:7,PayAsYouGoBase.registerService
DA:75,18
BRDA:75,3,0,-
BRDA:75,3,1,18
DA:77,18
DA:85,18
DA:87,18
DA:94,9
FN:94,PayAsYouGoBase.useService
FNDA:9,PayAsYouGoBase.useService
DA:95,26
DA:97,26
BRDA:97,4,0,-
BRDA:97,4,1,26
DA:100,26
DA:103,26
DA:106,26
DA:109,26
BRDA:109,5,0,12
DA:110,12
DA:113,26
DA:119,1
FN:119,PayAsYouGoBase.withdraw
FNDA:1,PayAsYouGoBase.withdraw
DA:120,1
DA:121,1
BRDA:121,6,0,-
BRDA:121,6,1,1
DA:124,1
DA:127,1
DA:129,1
DA:136,0
FN:136,PayAsYouGoBase.getServiceCount
FNDA:0,PayAsYouGoBase.getServiceCount
DA:137,0
DA:148,2
FN:148,PayAsYouGoBase.getService
FNDA:2,PayAsYouGoBase.getService
DA:154,2
DA:155,2
FNF:8
FNH:6
LF:31
LH:27
BRF:13
BRH:6
end_of_record
TN:
SF:contracts/articles/ArticleBase.sol
DA:41,0
FN:41,ArticleBase.articleExists
FNDA:0,ArticleBase.articleExists
DA:42,0
BRDA:42,0,0,-
BRDA:42,0,1,-
DA:43,0
BRDA:43,1,0,-
BRDA:43,1,1,-
DA:56,0
FN:56,ArticleBase._publishArticle
FNDA:0,ArticleBase._publishArticle
DA:64,0
BRDA:64,2,0,-
BRDA:64,2,1,-
DA:67,0
DA:70,0
DA:78,0
DA:93,0
FN:93,ArticleBase.getArticle
FNDA:0,ArticleBase.getArticle
DA:103,0
DA:104,0
DA:106,0
FNF:3
FNH:0
LF:12
LH:0
BRF:6
BRH:0
end_of_record
TN:
SF:contracts/articles/ArticlePayPerRead.sol
DA:27,0
FN:27,ArticlePayPerRead.publishArticle
FNDA:0,ArticlePayPerRead.publishArticle
DA:34,0
DA:44,0
FN:44,ArticlePayPerRead.readArticle
FNDA:0,ArticlePayPerRead.readArticle
DA:46,0
DA:49,0
FNF:2
FNH:0
LF:5
LH:0
BRF:0
BRH:0
end_of_record
TN:
SF:contracts/articles/ArticleSubscription.sol
DA:53,4
FN:53,ArticleSubscription.articleExists
FNDA:4,ArticleSubscription.articleExists
DA:54,4
BRDA:54,0,0,-
BRDA:54,0,1,-
DA:55,4
BRDA:55,1,0,-
BRDA:55,1,1,-
DA:63,4
FN:63,ArticleSubscription.withinAccessPeriod
FNDA:4,ArticleSubscription.withinAccessPeriod
DA:64,4
DA:65,4
BRDA:65,2,0,-
BRDA:65,2,1,4
DA:66,4
BRDA:66,3,0,2
BRDA:66,3,1,2
DA:78,11
FN:78,ArticleSubscription.publishArticle
FNDA:11,ArticleSubscription.publishArticle
DA:86,11
BRDA:86,4,0,-
BRDA:86,4,1,11
DA:89,11
DA:92,11
DA:100,11
DA:110,17
FN:110,ArticleSubscription.purchaseArticle
FNDA:17,ArticleSubscription.purchaseArticle
DA:112,17
DA:115,17
DA:116,17
DA:117,17
DA:119,17
BRDA:119,5,0,14
BRDA:119,5,1,11
DA:121,14
BRDA:121,6,0,3
BRDA:121,6,1,11
DA:123,3
DA:126,11
DA:128,14
DA:131,3
DA:132,3
DA:136,17
DA:139,17
DA:149,4
FN:149,ArticleSubscription.readArticle
FNDA:4,ArticleSubscription.readArticle
DA:151,2
DA:154,2
DA:163,5
FN:163,ArticleSubscription.hasValidAccess
FNDA:5,ArticleSubscription.hasValidAccess
DA:164,5
DA:165,5
BRDA:165,7,0,-
DA:166,5
BRDA:166,8,0,2
DA:167,3
DA:176,12
FN:176,ArticleSubscription.getAccessExpiry
FNDA:12,ArticleSubscription.getAccessExpiry
DA:177,12
DA:186,1
FN:186,ArticleSubscription.userHasPurchased
FNDA:1,ArticleSubscription.userHasPurchased
DA:187,1
DA:196,1
FN:196,ArticleSubscription.userHasRead
FNDA:1,ArticleSubscription.userHasRead
DA:197,1
DA:212,0
FN:212,ArticleSubscription.getArticle
FNDA:0,ArticleSubscription.getArticle
DA:222,0
DA:223,0
DA:225,0
FNF:10
FNH:9
LF:44
LH:40
BRF:16
BRH:9
end_of_record
